------------------------------------------
 UUID : 00002a00-0000-1000-8000-00805f9b34fb
 Handle 0003 : READ WRITE 
------------------------------------------
 UUID : 00002a01-0000-1000-8000-00805f9b34fb
 Handle 0005 : READ 
------------------------------------------
 UUID : 00002a04-0000-1000-8000-00805f9b34fb
 Handle 0007 : READ 
------------------------------------------
 UUID : 00002a05-0000-1000-8000-00805f9b34fb
 Handle 000A : INDICATE 
------------------------------------------
DFU Service
 UUID : e95d93b0-251d-470a-a062-fa1922dfa9a8
------------------------------------------
 DFU Control
 UUID : e95d93b1-251d-470a-a062-fa1922dfa9a8
 Handle 000E : READ WRITE 
------------------------------------------
Unknown Service
 UUID : e97dd91d-251d-470a-a062-fa1922dfa9a8
------------------------------------------
 Unknown Characteristic
 UUID : e97d3b10-251d-470a-a062-fa1922dfa9a8
 Handle 0011 : WRITE NO RESPONSE NOTIFY 
------------------------------------------
 Model Number String
 UUID : 00002a24-0000-1000-8000-00805f9b34fb
 Handle 0015 : READ 
------------------------------------------
 Serial Number string
 UUID : 00002a25-0000-1000-8000-00805f9b34fb
 Handle 0017 : READ 
------------------------------------------
 Firmware Revision String
 UUID : 00002a26-0000-1000-8000-00805f9b34fb
 Handle 0019 : READ 
------------------------------------------
micro:bit Event Service
 UUID : e95d93af-251d-470a-a062-fa1922dfa9a8
------------------------------------------
 micro:bit Event
 UUID : e95d9775-251d-470a-a062-fa1922dfa9a8
 Handle 001C : READ NOTIFY 
------------------------------------------
 micro:bit Client Event
 UUID : e95d5404-251d-470a-a062-fa1922dfa9a8
 Handle 001F : WRITE NO RESPONSE WRITE 
------------------------------------------
 micro:bit Client Requirements
 UUID : e95d23c4-251d-470a-a062-fa1922dfa9a8
 Handle 0021 : WRITE 
------------------------------------------
 micro:bit Requirements
 UUID : e95db84c-251d-470a-a062-fa1922dfa9a8
 Handle 0023 : READ NOTIFY 
------------------------------------------
 Accelerometer Data
 UUID : e95dca4b-251d-470a-a062-fa1922dfa9a8
 Handle 0027 : READ NOTIFY 
------------------------------------------
 Accererometer Period
 UUID : e95dfb24-251d-470a-a062-fa1922dfa9a8
 Handle 002A : READ WRITE 
------------------------------------------
 UUID : e95d9250-251d-470a-a062-fa1922dfa9a8
 Handle 002D : READ NOTIFY 
 Temperature
------------------------------------------
 Temperature Period
 UUID : e95d1b25-251d-470a-a062-fa1922dfa9a8
 Handle 0030 : READ WRITE 
------------------------------------------
LED Service
 UUID : e95dd91d-251d-470a-a062-fa1922dfa9a8
------------------------------------------
 LED Matrix State
 UUID : e95d7b77-251d-470a-a062-fa1922dfa9a8
 Handle 0033 : READ WRITE 
------------------------------------------
 LED Text
 UUID : e95d93ee-251d-470a-a062-fa1922dfa9a8
 Handle 0035 : WRITE 
------------------------------------------
 Scrolling Delay
 UUID : e95d0d2d-251d-470a-a062-fa1922dfa9a8
 Handle 0037 : READ WRITE 
------------------------------------------
Button Service
 UUID : e95d9882-251d-470a-a062-fa1922dfa9a8
------------------------------------------
 Button A State
 UUID : e95dda90-251d-470a-a062-fa1922dfa9a8
 Handle 003A : READ NOTIFY 
------------------------------------------
 Button B State
 UUID : e95dda91-251d-470a-a062-fa1922dfa9a8
 Handle 003D : READ NOTIFY 
------------------------------------------
IO Pin Service
 UUID : e95d127b-251d-470a-a062-fa1922dfa9a8
------------------------------------------
 Pin AD Configuration
 UUID : e95d5899-251d-470a-a062-fa1922dfa9a8
 Handle 002E : READ WRITE 
------------------------------------------
 Pin I/O Configuration
 UUID : e95db9fe-251d-470a-a062-fa1922dfa9a8
 Handle 0030 : READ WRITE 
------------------------------------------
 PWM Control
 UUID : e95dd822-251d-470a-a062-fa1922dfa9a8
 Handle 0032 : WRITE 
------------------------------------------
 Pin Data
 UUID : e95d8d00-251d-470a-a062-fa1922dfa9a8
 Handle 0034 : READ WRITE NOTIFY 
------------------------------------------
UART Service
 UUID : 6e400001-b5a3-f393-e0a9-e50e24dcca9e
------------------------------------------
 UART RX Characteristic
 UUID : 6e400002-b5a3-f393-e0a9-e50e24dcca9e
 Handle 003F : INDICATE 
------------------------------------------
 UART TX Characteristic
 UUID : 6e400003-b5a3-f393-e0a9-e50e24dcca9e
 Handle 0042 : WRITE NO RESPONSE WRITE 

